[2025-01-09 14:18:17] ---------------------------------------------
[2025-01-09 14:18:17] Añadido ./static\all.css
[2025-01-09 14:18:17] Añadido ./static\index\index_styles.css
[2025-01-09 14:18:17] Añadido ./static\login\login_styles.css
[2025-01-09 14:18:17] Finalizado combinar CSS.
[2025-01-10 07:27:57] ---------------------------------------------
[2025-01-10 07:27:57] Añadido ./static\all.css
[2025-01-10 07:27:57] Añadido ./static\index\index_styles.css
[2025-01-10 07:27:57] Añadido ./static\login\login_styles.css
[2025-01-10 07:27:57] Finalizado combinar CSS.
[2025-01-10 07:30:53] ---------------------------------------------
[2025-01-10 07:30:53] Añadido ./static\all.css
[2025-01-10 07:30:53] Añadido ./static\index\index_styles.css
[2025-01-10 07:30:53] Añadido ./static\login\login_styles.css
[2025-01-10 07:30:53] Finalizado combinar CSS.
[2025-01-10 07:42:52] ---------------------------------------------
[2025-01-10 07:42:52] Añadido ./static\all.css
[2025-01-10 07:42:52] Añadido ./static\index\index_styles.css
[2025-01-10 07:42:52] Añadido ./static\login\login_styles.css
[2025-01-10 07:42:52] Finalizado combinar CSS.
[2025-01-10 07:50:08] ---------------------------------------------
[2025-01-10 07:50:08] Añadido ./static\all.css
[2025-01-10 07:50:08] Añadido ./static\index\index_styles.css
[2025-01-10 07:50:08] Añadido ./static\login\login_styles.css
[2025-01-10 07:50:08] Finalizado combinar CSS.
[2025-01-10 08:06:41] ---------------------------------------------
[2025-01-10 08:06:41] Añadido ./static\all.css
[2025-01-10 08:06:41] Añadido ./static\index\index_styles.css
[2025-01-10 08:06:41] Añadido ./static\login\login_styles.css
[2025-01-10 08:06:41] Finalizado combinar CSS.
[2025-01-10 08:07:48] ---------------------------------------------
[2025-01-10 08:07:48] Añadido ./static\all.css
[2025-01-10 08:07:48] Añadido ./static\index\index_styles.css
[2025-01-10 08:07:48] Añadido ./static\login\login_styles.css
[2025-01-10 08:07:48] Finalizado combinar CSS.
[2025-01-10 08:08:53] ---------------------------------------------
[2025-01-10 08:08:53] Añadido ./static\all.css
[2025-01-10 08:08:53] Añadido ./static\index\index_styles.css
[2025-01-10 08:08:53] Añadido ./static\login\login_styles.css
[2025-01-10 08:08:53] Finalizado combinar CSS.
[2025-01-10 08:43:55] ---------------------------------------------
[2025-01-10 08:43:55] Añadido ./static\all.css
[2025-01-10 08:43:55] Añadido ./static\index\index_styles.css
[2025-01-10 08:43:55] Añadido ./static\login\login_styles.css
[2025-01-10 08:43:55] Finalizado combinar CSS.
[2025-01-10 08:45:16] ---------------------------------------------
[2025-01-10 08:45:16] Añadido ./static\all.css
[2025-01-10 08:45:16] Añadido ./static\index\index_styles.css
[2025-01-10 08:45:16] Añadido ./static\login\login_styles.css
[2025-01-10 08:45:16] Finalizado combinar CSS.
[2025-01-10 08:53:56] ---------------------------------------------
[2025-01-10 08:53:56] Añadido ./static\all.css
[2025-01-10 08:53:56] Añadido ./static\index\index_styles.css
[2025-01-10 08:53:56] Añadido ./static\login\login_styles.css
[2025-01-10 08:53:56] Finalizado combinar CSS.
[2025-01-10 08:54:42] ---------------------------------------------
[2025-01-10 08:54:42] Añadido ./static\all.css
[2025-01-10 08:54:42] Añadido ./static\index\index_styles.css
[2025-01-10 08:54:42] Añadido ./static\login\login_styles.css
[2025-01-10 08:54:42] Finalizado combinar CSS.
[2025-01-10 08:56:44] ---------------------------------------------
[2025-01-10 08:56:44] Añadido ./static\all.css
[2025-01-10 08:56:44] Añadido ./static\index\index_styles.css
[2025-01-10 08:56:44] Añadido ./static\login\login_styles.css
[2025-01-10 08:56:44] Finalizado combinar CSS.
[2025-01-10 08:58:03] ---------------------------------------------
[2025-01-10 08:58:03] Añadido ./static\all.css
[2025-01-10 08:58:03] Añadido ./static\index\index_styles.css
[2025-01-10 08:58:03] Añadido ./static\login\login_styles.css
[2025-01-10 08:58:03] Finalizado combinar CSS.
[2025-01-10 08:59:34] ---------------------------------------------
[2025-01-10 08:59:34] Añadido ./static\all.css
[2025-01-10 08:59:34] Añadido ./static\index\index_styles.css
[2025-01-10 08:59:34] Añadido ./static\login\login_styles.css
[2025-01-10 08:59:34] Finalizado combinar CSS.
[2025-01-10 09:19:10] ---------------------------------------------
[2025-01-10 09:19:10] Añadido ./static\all.css
[2025-01-10 09:19:10] Añadido ./static\index\index_styles.css
[2025-01-10 09:19:10] Añadido ./static\login\login_styles.css
[2025-01-10 09:19:10] Finalizado combinar CSS.
[2025-01-10 09:22:42] ---------------------------------------------
[2025-01-10 09:22:42] Añadido ./static\all.css
[2025-01-10 09:22:42] Añadido ./static\index\index_styles.css
[2025-01-10 09:22:42] Añadido ./static\login\login_styles.css
[2025-01-10 09:22:42] Finalizado combinar CSS.
[2025-01-10 09:32:09] ---------------------------------------------
[2025-01-10 09:32:09] Añadido ./static\all.css
[2025-01-10 09:32:09] Añadido ./static\index\index_styles.css
[2025-01-10 09:32:09] Añadido ./static\login\login_styles.css
[2025-01-10 09:32:09] Finalizado combinar CSS.
[2025-01-10 09:33:14] ---------------------------------------------
[2025-01-10 09:33:14] Añadido ./static\all.css
[2025-01-10 09:33:14] Añadido ./static\index\index_styles.css
[2025-01-10 09:33:14] Añadido ./static\login\login_styles.css
[2025-01-10 09:33:14] Finalizado combinar CSS.
[2025-01-10 09:37:16] ---------------------------------------------
[2025-01-10 09:37:16] Añadido ./static\all.css
[2025-01-10 09:37:16] Añadido ./static\index\index_styles.css
[2025-01-10 09:37:16] Añadido ./static\login\login_styles.css
[2025-01-10 09:37:16] Finalizado combinar CSS.
[2025-01-10 09:38:06] ---------------------------------------------
[2025-01-10 09:38:06] Añadido ./static\all.css
[2025-01-10 09:38:06] Añadido ./static\index\index_styles.css
[2025-01-10 09:38:06] Añadido ./static\login\login_styles.css
[2025-01-10 09:38:06] Finalizado combinar CSS.
[2025-01-10 09:38:51] ---------------------------------------------
[2025-01-10 09:38:51] Añadido ./static\all.css
[2025-01-10 09:38:51] Añadido ./static\index\index_styles.css
[2025-01-10 09:38:51] Añadido ./static\login\login_styles.css
[2025-01-10 09:38:51] Finalizado combinar CSS.
[2025-01-10 09:55:33] ---------------------------------------------
[2025-01-10 09:55:33] Añadido ./static\all.css
[2025-01-10 09:55:33] Añadido ./static\index\index_styles.css
[2025-01-10 09:55:33] Añadido ./static\login\login_styles.css
[2025-01-10 09:55:33] Finalizado combinar CSS.
[2025-01-10 09:59:05] ---------------------------------------------
[2025-01-10 09:59:05] Añadido ./static\all.css
[2025-01-10 09:59:05] Añadido ./static\index\index_styles.css
[2025-01-10 09:59:05] Añadido ./static\login\login_styles.css
[2025-01-10 09:59:05] Finalizado combinar CSS.
[2025-01-10 10:01:02] ---------------------------------------------
[2025-01-10 10:01:02] Añadido ./static\all.css
[2025-01-10 10:01:02] Añadido ./static\index\index_styles.css
[2025-01-10 10:01:02] Añadido ./static\login\login_styles.css
[2025-01-10 10:01:02] Finalizado combinar CSS.
[2025-01-10 10:02:36] ---------------------------------------------
[2025-01-10 10:02:36] Añadido ./static\all.css
[2025-01-10 10:02:36] Añadido ./static\index\index_styles.css
[2025-01-10 10:02:36] Añadido ./static\login\login_styles.css
[2025-01-10 10:02:36] Finalizado combinar CSS.
[2025-01-10 10:04:42] ---------------------------------------------
[2025-01-10 10:04:42] Añadido ./static\all.css
[2025-01-10 10:04:42] Añadido ./static\index\index_styles.css
[2025-01-10 10:04:42] Añadido ./static\login\login_styles.css
[2025-01-10 10:04:42] Finalizado combinar CSS.
[2025-01-10 10:34:51] ---------------------------------------------
[2025-01-10 10:34:51] Añadido ./static\all.css
[2025-01-10 10:34:51] Añadido ./static\index\index_styles.css
[2025-01-10 10:34:51] Añadido ./static\login\login_styles.css
[2025-01-10 10:34:51] Finalizado combinar CSS.
[2025-01-10 11:03:00] ---------------------------------------------
[2025-01-10 11:03:00] Añadido ./static\all.css
[2025-01-10 11:03:00] Añadido ./static\index\index_styles.css
[2025-01-10 11:03:00] Añadido ./static\login\login_styles.css
[2025-01-10 11:03:00] Finalizado combinar CSS.
[2025-01-10 11:03:08] ---------------------------------------------
[2025-01-10 11:03:08] Añadido ./static\all.css
[2025-01-10 11:03:08] Añadido ./static\index\index_styles.css
[2025-01-10 11:03:08] Añadido ./static\login\login_styles.css
[2025-01-10 11:03:08] Finalizado combinar CSS.
[2025-01-10 11:04:53] ---------------------------------------------
[2025-01-10 11:04:53] Añadido ./static\all.css
[2025-01-10 11:04:53] Añadido ./static\index\index_styles.css
[2025-01-10 11:04:53] Añadido ./static\login\login_styles.css
[2025-01-10 11:04:53] Finalizado combinar CSS.
[2025-01-10 11:06:12] ---------------------------------------------
[2025-01-10 11:06:12] Añadido ./static\all.css
[2025-01-10 11:06:12] Añadido ./static\index\index_styles.css
[2025-01-10 11:06:12] Añadido ./static\login\login_styles.css
[2025-01-10 11:06:12] Finalizado combinar CSS.
[2025-01-10 11:07:47] ---------------------------------------------
[2025-01-10 11:07:47] Añadido ./static\all.css
[2025-01-10 11:07:47] Añadido ./static\index\index_styles.css
[2025-01-10 11:07:47] Añadido ./static\login\login_styles.css
[2025-01-10 11:07:47] Finalizado combinar CSS.
[2025-01-10 11:31:16] ---------------------------------------------
[2025-01-10 11:31:16] Añadido ./static\all.css
[2025-01-10 11:31:16] Añadido ./static\index\index_styles.css
[2025-01-10 11:31:16] Añadido ./static\login\login_styles.css
[2025-01-10 11:31:16] CSS combinado en './static/all.css'
[2025-01-10 11:31:51] ---------------------------------------------
[2025-01-10 11:31:51] Añadido ./static\all.css
[2025-01-10 11:31:51] Añadido ./static\index\index_styles.css
[2025-01-10 11:31:51] Añadido ./static\login\login_styles.css
[2025-01-10 11:31:51] CSS combinado en './static/all.css'
[2025-01-10 11:32:15] ---------------------------------------------
[2025-01-10 11:32:15] Añadido ./static\all.css
[2025-01-10 11:32:15] Añadido ./static\index\index_styles.css
[2025-01-10 11:32:15] Añadido ./static\login\login_styles.css
[2025-01-10 11:32:15] CSS combinado en './static/all.css'
[2025-01-10 11:37:38] ---------------------------------------------
[2025-01-10 11:37:38] Añadido ./static\all.css
[2025-01-10 11:37:38] Añadido ./static\index\index_styles.css
[2025-01-10 11:37:38] Añadido ./static\login\login_styles.css
[2025-01-10 11:37:38] CSS combinado en './static/all.css'
[2025-01-10 11:39:18] ---------------------------------------------
[2025-01-10 11:39:18] Añadido ./static\all.css
[2025-01-10 11:39:18] Añadido ./static\index\index_styles.css
[2025-01-10 11:39:18] Añadido ./static\login\login_styles.css
[2025-01-10 11:39:18] CSS combinado en './static/all.css'
[2025-01-10 11:40:26] ---------------------------------------------
[2025-01-10 11:40:26] Añadido ./static\all.css
[2025-01-10 11:40:26] Añadido ./static\index\index_styles.css
[2025-01-10 11:40:26] Añadido ./static\login\login_styles.css
[2025-01-10 11:40:26] CSS combinado en './static/all.css'
[2025-01-10 12:12:00] ---------------------------------------------
[2025-01-10 12:12:00] Añadido ./static\all.css
[2025-01-10 12:12:00] Añadido ./static\login\login_styles.css
[2025-01-10 12:12:00] Añadido ./static\index\index_styles.css
[2025-01-10 12:12:00] CSS combinado en './static/all.css'
[2025-01-10 12:33:13] ---------------------------------------------
[2025-01-10 12:33:13] Añadido ./static\all.css
[2025-01-10 12:33:13] Añadido ./static\login\login_styles.css
[2025-01-10 12:33:13] Añadido ./static\index\index_styles.css
[2025-01-10 12:33:13] CSS combinado en './static/all.css'
[2025-01-10 12:34:00] ---------------------------------------------
[2025-01-10 12:34:00] Añadido ./static\all.css
[2025-01-10 12:34:00] Añadido ./static\login\login_styles.css
[2025-01-10 12:34:00] Añadido ./static\index\index_styles.css
[2025-01-10 12:34:00] CSS combinado en './static/all.css'
[2025-01-10 12:34:52] ---------------------------------------------
[2025-01-10 12:34:52] Añadido ./static\all.css
[2025-01-10 12:34:52] Añadido ./static\login\login_styles.css
[2025-01-10 12:34:52] Añadido ./static\index\index_styles.css
[2025-01-10 12:34:52] CSS combinado en './static/all.css'
[2025-01-10 12:38:32] ---------------------------------------------
[2025-01-10 12:38:32] Añadido ./static\all.css
[2025-01-10 12:38:32] Añadido ./static\login\login_styles.css
[2025-01-10 12:38:32] Añadido ./static\index\index_styles.css
[2025-01-10 12:38:32] CSS combinado en './static/all.css'
